05
07
10
12
15
17
20
22
25
27
30
32
35
37
40
42
45
47
50
52
55
57
00
02
05
07
10
12
15
17
20
22
25
27
30
32
35
37
40
42
45
47
50
52
55
57
00
02
05
07
10
12
15
17
20
22
25
27
30
32
35
37
40
42
45
47
50
52
55
57
00
02
05
07
10
12
15
17
20
22
25
27
30
32
35
37
40
42
45
47
50
52
55
57
00
02
05
07
10
12
15
17
20
22
25
27
30
32
35
37
40
42
45
47
50
52
55
57
00
02
05
07
10
12
15
17
20
22
25
27
30
32
35
37
40
42
45
47
50
52
55
57
00
02
05
07
10
12
15
17
20
22
25
27
30
32
35
37
40
42
45
47
50
52
55
57
00
02
05
07
10
12
15
17
20
22
25
27
30
32
35
37
40
42
45
47
50
52
55
57
00
02
05
07
10
12
15
17
20
22
25
27
30
32
35
37
40
42
45
47
50
52
55
57
00
02
05
07
10
12
15
17
20
22
25
27
30
32
35
37
40
42
45
47
50
52
55
57
00
02
05
07
10
12
15
17
20
22
25
27
30
32
35
37
40
42
45
47
50
52
55
57
00
02
05
07
10
12
15
17
20
22
25
27
30
32
35
37
40
42
45
47
50
52
55
57
00
02
05
12
15
17
20
22
25
27
30
32
35
37
40
42
45
47
50
52
55
57
00
02
05
07
10
12
15
17
20
22
25
27
30
32
35
37
40
42
45
47
50
